16:27:57 INFO  : Registering command handlers for SDK TCF services
16:28:01 INFO  : Launching XSCT server: xsct.bat -interactive C:\Users\Administrator\Lab_0\Lab_0.sdk\temp_xsdb_launch_script.tcl
16:28:11 INFO  : XSCT server has started successfully.
16:28:11 INFO  : Successfully done setting XSCT server connection channel  
16:28:33 INFO  : Successfully done setting SDK workspace  
16:28:33 INFO  : Processing command line option -hwspec C:/Users/Administrator/Lab_0/Lab_0.sdk/Lab_0_wrapper.hdf.
16:08:56 INFO  : Registering command handlers for SDK TCF services
16:09:06 INFO  : Launching XSCT server: xsct.bat -interactive C:\Users\Administrator\Lab_0\Lab_0.sdk\temp_xsdb_launch_script.tcl
16:09:38 INFO  : XSCT server has started successfully.
16:10:23 INFO  : Successfully done setting XSCT server connection channel  
16:10:23 INFO  : Processing command line option -hwspec C:/Users/Administrator/Lab_0/Lab_0.sdk/Lab_0_wrapper.hdf.
16:10:40 INFO  : Successfully done setting SDK workspace  
16:10:41 INFO  : Checking for hwspec changes in the project Lab_0_wrapper_hw_platform_0.
10:51:09 INFO  : Registering command handlers for SDK TCF services
10:51:14 INFO  : Launching XSCT server: xsct.bat -interactive C:\Users\Administrator\Lab_0\Lab_0.sdk\temp_xsdb_launch_script.tcl
10:51:25 INFO  : XSCT server has started successfully.
10:51:25 INFO  : Successfully done setting XSCT server connection channel  
10:51:44 INFO  : Successfully done setting SDK workspace  
10:51:44 INFO  : Processing command line option -hwspec C:/Users/Administrator/Lab_0/Lab_0.sdk/Lab_0_wrapper.hdf.
10:51:44 INFO  : Checking for hwspec changes in the project Lab_0_wrapper_hw_platform_0.
